This file contains any messages produced by compilers while
running configure, to aid debugging if configure makes a mistake.

It was created by FreeType configure 2.12, which was
generated by GNU Autoconf 2.71.  Invocation command line was

  $ ./configure --without-zlib

## --------- ##
## Platform. ##
## --------- ##

hostname = Mac-mini-de-Mac
uname -m = x86_64
uname -r = 21.6.0
uname -s = Darwin
uname -v = Darwin Kernel Version 21.6.0: Mon Dec 19 20:44:01 PST 2022; root:xnu-8020.240.18~2/RELEASE_X86_64

/usr/bin/uname -p = i386
/bin/uname -X     = unknown

/bin/arch              = unknown
/usr/bin/arch -k       = unknown
/usr/convex/getsysinfo = unknown
/usr/bin/hostinfo      = Mach kernel version:
	 Darwin Kernel Version 21.6.0: Mon Dec 19 20:44:01 PST 2022; root:xnu-8020.240.18~2/RELEASE_X86_64
Kernel configured for up to 4 processors.
2 processors are physically available.
4 processors are logically available.
Processor type: x86_64h (Intel x86-64h Haswell)
Processors active: 0 1 2 3
Primary memory available: 8.00 gigabytes
Default processor set: 538 tasks, 2034 threads, 4 processors
Load average: 7.40, Mach factor: 0.70
/bin/machine           = unknown
/usr/bin/oslevel       = unknown
/bin/universe          = unknown

PATH: /Users/macmini/Documents/RDEWASM/emsdk/
PATH: /Users/macmini/Documents/RDEWASM/emsdk/upstream/emscripten/
PATH: /Users/macmini/Documents/RDEWASM/emsdk/node/14.18.2_64bit/bin/
PATH: /Users/macmini/Library/Android/sdk/platform-tools/
PATH: /usr/local/opt/sqlite/bin/
PATH: /usr/local/bin/
PATH: /usr/bin/
PATH: /bin/
PATH: /usr/sbin/
PATH: /sbin/
PATH: /Library/Apple/usr/bin/


## ----------- ##
## Core tests. ##
## ----------- ##

configure:2576: looking for aux files: install-sh ltmain.sh config.guess config.sub
configure:2589:  trying ./
configure:2600:   ./install-sh found
configure:2618:   ./ltmain.sh found
configure:2618:   ./config.guess found
configure:2618:   ./config.sub found
configure:2749: checking build system type
configure:2764: result: x86_64-apple-darwin21.6.0
configure:2784: checking host system type
configure:2798: result: x86_64-apple-darwin21.6.0
configure:2884: checking for gcc
configure:2905: found /usr/bin/gcc
configure:2916: result: gcc
configure:3269: checking for C compiler version
configure:3278: gcc --version >&5
Apple clang version 14.0.0 (clang-1400.0.29.202)
Target: x86_64-apple-darwin21.6.0
Thread model: posix
InstalledDir: /Applications/Xcode.app/Contents/Developer/Toolchains/XcodeDefault.xctoolchain/usr/bin
configure:3289: $? = 0
configure:3278: gcc -v >&5
Apple clang version 14.0.0 (clang-1400.0.29.202)
Target: x86_64-apple-darwin21.6.0
Thread model: posix
InstalledDir: /Applications/Xcode.app/Contents/Developer/Toolchains/XcodeDefault.xctoolchain/usr/bin
configure:3289: $? = 0
configure:3278: gcc -V >&5
clang: error: argument to '-V' is missing (expected 1 value)
clang: error: no input files
configure:3289: $? = 1
configure:3278: gcc -qversion >&5
clang: error: unknown argument '-qversion'; did you mean '--version'?
clang: error: no input files
configure:3289: $? = 1
configure:3278: gcc -version >&5
clang: error: unknown argument '-version'; did you mean '--version'?
clang: error: no input files
configure:3289: $? = 1
configure:3309: checking whether the C compiler works
configure:3331: gcc    conftest.c  >&5
configure:3335: $? = 0
configure:3385: result: yes
configure:3388: checking for C compiler default output file name
configure:3390: result: a.out
configure:3396: checking for suffix of executables
configure:3403: gcc -o conftest    conftest.c  >&5
configure:3407: $? = 0
configure:3430: result: 
configure:3452: checking whether we are cross compiling
configure:3460: gcc -o conftest    conftest.c  >&5
configure:3464: $? = 0
configure:3471: ./conftest
configure:3475: $? = 0
configure:3490: result: no
configure:3495: checking for suffix of object files
configure:3518: gcc -c   conftest.c >&5
configure:3522: $? = 0
configure:3544: result: o
configure:3548: checking whether the compiler supports GNU C
configure:3568: gcc -c   conftest.c >&5
configure:3568: $? = 0
configure:3578: result: yes
configure:3589: checking whether gcc accepts -g
configure:3610: gcc -c -g  conftest.c >&5
configure:3610: $? = 0
configure:3654: result: yes
configure:3674: checking for gcc option to enable C11 features
configure:3689: gcc  -c -g -O2  conftest.c >&5
configure:3689: $? = 0
configure:3707: result: none needed
configure:3822: checking how to run the C preprocessor
configure:3848: gcc -E  conftest.c
configure:3848: $? = 0
configure:3863: gcc -E  conftest.c
conftest.c:9:10: fatal error: 'ac_nonexistent.h' file not found
#include <ac_nonexistent.h>
         ^~~~~~~~~~~~~~~~~~
1 error generated.
configure:3863: $? = 1
configure: failed program was:
| /* confdefs.h */
| #define PACKAGE_NAME "FreeType"
| #define PACKAGE_TARNAME "freetype"
| #define PACKAGE_VERSION "2.12"
| #define PACKAGE_STRING "FreeType 2.12"
| #define PACKAGE_BUGREPORT "freetype@nongnu.org"
| #define PACKAGE_URL ""
| /* end confdefs.h.  */
| #include <ac_nonexistent.h>
configure:3890: result: gcc -E
configure:3904: gcc -E  conftest.c
configure:3904: $? = 0
configure:3919: gcc -E  conftest.c
conftest.c:9:10: fatal error: 'ac_nonexistent.h' file not found
#include <ac_nonexistent.h>
         ^~~~~~~~~~~~~~~~~~
1 error generated.
configure:3919: $? = 1
configure: failed program was:
| /* confdefs.h */
| #define PACKAGE_NAME "FreeType"
| #define PACKAGE_TARNAME "freetype"
| #define PACKAGE_VERSION "2.12"
| #define PACKAGE_STRING "FreeType 2.12"
| #define PACKAGE_BUGREPORT "freetype@nongnu.org"
| #define PACKAGE_URL ""
| /* end confdefs.h.  */
| #include <ac_nonexistent.h>
configure:4010: checking for pkg-config
configure:4033: found /usr/local/bin/pkg-config
configure:4045: result: /usr/local/bin/pkg-config
configure:4070: checking pkg-config is at least version 0.24
configure:4073: result: yes
configure:4130: checking how to print strings
configure:4157: result: printf
configure:4178: checking for a sed that does not truncate output
configure:4248: result: /usr/bin/sed
configure:4266: checking for grep that handles long lines and -e
configure:4330: result: /usr/bin/grep
configure:4335: checking for egrep
configure:4403: result: /usr/bin/grep -E
configure:4408: checking for fgrep
configure:4476: result: /usr/bin/grep -F
configure:4512: checking for ld used by gcc
configure:4580: result: /Applications/Xcode.app/Contents/Developer/Toolchains/XcodeDefault.xctoolchain/usr/bin/ld
configure:4587: checking if the linker (/Applications/Xcode.app/Contents/Developer/Toolchains/XcodeDefault.xctoolchain/usr/bin/ld) is GNU ld
configure:4603: result: no
configure:4615: checking for BSD- or MS-compatible name lister (nm)
configure:4670: result: /usr/bin/nm -B
configure:4810: checking the name lister (/usr/bin/nm -B) interface
configure:4818: gcc -c -g -O2  conftest.c >&5
configure:4821: /usr/bin/nm -B "conftest.o"
configure:4824: output
0000000000000268 S _some_variable
configure:4831: result: BSD nm
configure:4834: checking whether ln -s works
configure:4838: result: yes
configure:4846: checking the maximum length of command line arguments
configure:4978: result: 786432
configure:5026: checking how to convert x86_64-apple-darwin21.6.0 file names to x86_64-apple-darwin21.6.0 format
configure:5067: result: func_convert_file_noop
configure:5074: checking how to convert x86_64-apple-darwin21.6.0 file names to toolchain format
configure:5095: result: func_convert_file_noop
configure:5102: checking for /Applications/Xcode.app/Contents/Developer/Toolchains/XcodeDefault.xctoolchain/usr/bin/ld option to reload object files
configure:5110: result: -r
configure:5189: checking for file
configure:5210: found /usr/bin/file
configure:5221: result: file
configure:5297: checking for objdump
configure:5318: found /usr/bin/objdump
configure:5329: result: objdump
configure:5358: checking how to recognize dependent libraries
configure:5559: result: pass_all
configure:5649: checking for dlltool
configure:5684: result: no
configure:5711: checking how to associate runtime and link libraries
configure:5739: result: printf %s\n
configure:5805: checking for ar
configure:5826: found /usr/bin/ar
configure:5837: result: ar
configure:5890: checking for archiver @FILE support
configure:5908: gcc -c -g -O2  conftest.c >&5
configure:5908: $? = 0
configure:5912: ar cr libconftest.a @conftest.lst >&5
ar: @conftest.lst: No such file or directory
configure:5915: $? = 1
configure:5935: result: no
configure:5998: checking for strip
configure:6019: found /usr/bin/strip
configure:6030: result: strip
configure:6107: checking for ranlib
configure:6128: found /usr/bin/ranlib
configure:6139: result: ranlib
configure:6216: checking for gawk
configure:6251: result: no
configure:6216: checking for mawk
configure:6251: result: no
configure:6216: checking for nawk
configure:6251: result: no
configure:6216: checking for awk
configure:6237: found /usr/bin/awk
configure:6248: result: awk
configure:6288: checking command to parse /usr/bin/nm -B output from gcc object
configure:6442: gcc -c -g -O2  conftest.c >&5
configure:6445: $? = 0
configure:6449: /usr/bin/nm -B conftest.o \| /usr/bin/sed -n -e 's/^.*[ ]\([ABCDGIRSTW][ABCDGIRSTW]*\)[ ][ ]*\([_A-Za-z][_A-Za-z0-9]*\)$/\1 \2 \2/p' | /usr/bin/sed '/ __gnu_lto/d' \> conftest.nm
configure:6452: $? = 0
cannot find nm_test_var in conftest.nm
configure:6442: gcc -c -g -O2  conftest.c >&5
configure:6445: $? = 0
configure:6449: /usr/bin/nm -B conftest.o \| /usr/bin/sed -n -e 's/^.*[ ]\([ABCDGIRSTW][ABCDGIRSTW]*\)[ ][ ]*_\([_A-Za-z][_A-Za-z0-9]*\)$/\1 _\2 \2/p' | /usr/bin/sed '/ __gnu_lto/d' \> conftest.nm
configure:6452: $? = 0
configure:6518: gcc -o conftest -g -O2   conftest.c conftstm.o >&5
warning: (x86_64)  could not find object file symbol for symbol _main
configure:6521: $? = 0
configure:6559: result: ok
configure:6606: checking for sysroot
configure:6637: result: no
configure:6644: checking for a working dd
configure:6688: result: /bin/dd
configure:6692: checking how to truncate binary pipes
configure:6708: result: /bin/dd bs=4096 count=1
configure:7045: checking for mt
configure:7080: result: no
configure:7100: checking if : is a manifest tool
configure:7107: : '-?'
configure:7115: result: no
configure:7176: checking for dsymutil
configure:7197: found /usr/bin/dsymutil
configure:7208: result: dsymutil
configure:7278: checking for nmedit
configure:7299: found /usr/bin/nmedit
configure:7310: result: nmedit
configure:7380: checking for lipo
configure:7401: found /usr/bin/lipo
configure:7412: result: lipo
configure:7482: checking for otool
configure:7503: found /usr/bin/otool
configure:7514: result: otool
configure:7584: checking for otool64
configure:7619: result: no
configure:7664: checking for -single_module linker flag
gcc -g -O2  -o libconftest.dylib -dynamiclib -Wl,-single_module conftest.c
configure:7698: result: yes
configure:7701: checking for -exported_symbols_list linker flag
configure:7722: gcc -o conftest -g -O2   -Wl,-exported_symbols_list,conftest.sym conftest.c  >&5
configure:7722: $? = 0
configure:7733: result: yes
configure:7736: checking for -force_load linker flag
gcc -g -O2 -c -o conftest.o conftest.c
ar cr libconftest.a conftest.o
ranlib libconftest.a
gcc -g -O2  -o conftest conftest.c -Wl,-force_load,./libconftest.a
configure:7769: result: yes
configure:7840: checking for stdio.h
configure:7840: gcc -c -g -O2  conftest.c >&5
configure:7840: $? = 0
configure:7840: result: yes
configure:7840: checking for stdlib.h
configure:7840: gcc -c -g -O2  conftest.c >&5
configure:7840: $? = 0
configure:7840: result: yes
configure:7840: checking for string.h
configure:7840: gcc -c -g -O2  conftest.c >&5
configure:7840: $? = 0
configure:7840: result: yes
configure:7840: checking for inttypes.h
configure:7840: gcc -c -g -O2  conftest.c >&5
configure:7840: $? = 0
configure:7840: result: yes
configure:7840: checking for stdint.h
configure:7840: gcc -c -g -O2  conftest.c >&5
configure:7840: $? = 0
configure:7840: result: yes
configure:7840: checking for strings.h
configure:7840: gcc -c -g -O2  conftest.c >&5
configure:7840: $? = 0
configure:7840: result: yes
configure:7840: checking for sys/stat.h
configure:7840: gcc -c -g -O2  conftest.c >&5
configure:7840: $? = 0
configure:7840: result: yes
configure:7840: checking for sys/types.h
configure:7840: gcc -c -g -O2  conftest.c >&5
configure:7840: $? = 0
configure:7840: result: yes
configure:7840: checking for unistd.h
configure:7840: gcc -c -g -O2  conftest.c >&5
configure:7840: $? = 0
configure:7840: result: yes
configure:7840: checking for sys/param.h
configure:7840: gcc -c -g -O2  conftest.c >&5
configure:7840: $? = 0
configure:7840: result: yes
configure:7865: checking for dlfcn.h
configure:7865: gcc -c -g -O2  conftest.c >&5
configure:7865: $? = 0
configure:7865: result: yes
configure:8452: checking for objdir
configure:8468: result: .libs
configure:8728: checking if gcc supports -fno-rtti -fno-exceptions
configure:8747: gcc -c -g -O2  -fno-rtti -fno-exceptions conftest.c >&5
configure:8751: $? = 0
configure:8764: result: yes
configure:9122: checking for gcc option to produce PIC
configure:9130: result: -fno-common -DPIC
configure:9138: checking if gcc PIC flag -fno-common -DPIC works
configure:9157: gcc -c -g -O2  -fno-common -DPIC -DPIC conftest.c >&5
configure:9161: $? = 0
configure:9174: result: yes
configure:9203: checking if gcc static flag -static works
configure:9232: result: no
configure:9247: checking if gcc supports -c -o file.o
configure:9269: gcc -c -g -O2  -o out/conftest2.o conftest.c >&5
configure:9273: $? = 0
configure:9295: result: yes
configure:9303: checking if gcc supports -c -o file.o
configure:9351: result: yes
configure:9384: checking whether the gcc linker (/Applications/Xcode.app/Contents/Developer/Toolchains/XcodeDefault.xctoolchain/usr/bin/ld) supports shared libraries
configure:10652: result: yes
configure:10893: checking dynamic linker characteristics
configure:11714: result: darwin21.6.0 dyld
configure:11836: checking how to hardcode library paths into programs
configure:11861: result: immediate
configure:12413: checking whether stripping libraries is possible
configure:12430: result: yes
configure:12464: checking if libtool supports shared libraries
configure:12466: result: yes
configure:12469: checking whether to build shared libraries
configure:12494: result: yes
configure:12497: checking whether to build static libraries
configure:12501: result: yes
configure:12538: checking for windows.h
configure:12538: gcc -c -g -O2  conftest.c >&5
conftest.c:50:10: fatal error: 'windows.h' file not found
#include <windows.h>
         ^~~~~~~~~~~
1 error generated.
configure:12538: $? = 1
configure: failed program was:
| /* confdefs.h */
| #define PACKAGE_NAME "FreeType"
| #define PACKAGE_TARNAME "freetype"
| #define PACKAGE_VERSION "2.12"
| #define PACKAGE_STRING "FreeType 2.12"
| #define PACKAGE_BUGREPORT "freetype@nongnu.org"
| #define PACKAGE_URL ""
| #define HAVE_STDIO_H 1
| #define HAVE_STDLIB_H 1
| #define HAVE_STRING_H 1
| #define HAVE_INTTYPES_H 1
| #define HAVE_STDINT_H 1
| #define HAVE_STRINGS_H 1
| #define HAVE_SYS_STAT_H 1
| #define HAVE_SYS_TYPES_H 1
| #define HAVE_UNISTD_H 1
| #define HAVE_SYS_PARAM_H 1
| #define STDC_HEADERS 1
| #define HAVE_DLFCN_H 1
| #define LT_OBJDIR ".libs/"
| /* end confdefs.h.  */
| #include <stddef.h>
| #ifdef HAVE_STDIO_H
| # include <stdio.h>
| #endif
| #ifdef HAVE_STDLIB_H
| # include <stdlib.h>
| #endif
| #ifdef HAVE_STRING_H
| # include <string.h>
| #endif
| #ifdef HAVE_INTTYPES_H
| # include <inttypes.h>
| #endif
| #ifdef HAVE_STDINT_H
| # include <stdint.h>
| #endif
| #ifdef HAVE_STRINGS_H
| # include <strings.h>
| #endif
| #ifdef HAVE_SYS_TYPES_H
| # include <sys/types.h>
| #endif
| #ifdef HAVE_SYS_STAT_H
| # include <sys/stat.h>
| #endif
| #ifdef HAVE_UNISTD_H
| # include <unistd.h>
| #endif
| #include <windows.h>
configure:12538: result: no
configure:12917: checking for a BSD-compatible install
configure:12990: result: /usr/bin/install -c
configure:13010: checking for a race-free mkdir -p
configure:13054: result: ./install-sh -c -d
configure:13068: checking for fcntl.h
configure:13068: gcc -c -g -O2  conftest.c >&5
configure:13068: $? = 0
configure:13068: result: yes
configure:13074: checking for unistd.h
configure:13074: result: yes
configure:13085: checking for an ANSI C-conforming const
configure:13152: gcc -c -g -O2  conftest.c >&5
configure:13152: $? = 0
configure:13160: result: yes
configure:13195: checking for special C compiler options needed for large files
configure:13243: result: no
configure:13249: checking for _FILE_OFFSET_BITS value needed for large files
configure:13275: gcc -c -g -O2  conftest.c >&5
configure:13275: $? = 0
configure:13309: result: no
configure:13420: checking for getpagesize
configure:13420: gcc -o conftest -g -O2   conftest.c  >&5
configure:13420: $? = 0
configure:13420: result: yes
configure:13431: checking for working mmap
configure:13583: gcc -o conftest -g -O2   conftest.c  >&5
configure:13583: $? = 0
configure:13583: ./conftest
configure:13583: $? = 0
configure:13594: result: yes
configure:13606: checking for gcc options needed to detect all undeclared functions
configure:13628: gcc -c -g -O2   conftest.c >&5
conftest.c:30:8: error: implicitly declaring library function 'strchr' with type 'char *(const char *, int)' [-Werror,-Wimplicit-function-declaration]
(void) strchr;
       ^
conftest.c:30:8: note: include the header <string.h> or explicitly provide a declaration for 'strchr'
1 error generated.
configure:13628: $? = 1
configure: failed program was:
| /* confdefs.h */
| #define PACKAGE_NAME "FreeType"
| #define PACKAGE_TARNAME "freetype"
| #define PACKAGE_VERSION "2.12"
| #define PACKAGE_STRING "FreeType 2.12"
| #define PACKAGE_BUGREPORT "freetype@nongnu.org"
| #define PACKAGE_URL ""
| #define HAVE_STDIO_H 1
| #define HAVE_STDLIB_H 1
| #define HAVE_STRING_H 1
| #define HAVE_INTTYPES_H 1
| #define HAVE_STDINT_H 1
| #define HAVE_STRINGS_H 1
| #define HAVE_SYS_STAT_H 1
| #define HAVE_SYS_TYPES_H 1
| #define HAVE_UNISTD_H 1
| #define HAVE_SYS_PARAM_H 1
| #define STDC_HEADERS 1
| #define HAVE_DLFCN_H 1
| #define LT_OBJDIR ".libs/"
| #define HAVE_FCNTL_H 1
| #define HAVE_UNISTD_H 1
| #define HAVE_GETPAGESIZE 1
| #define HAVE_MMAP 1
| /* end confdefs.h.  */
| 
| int
| main (void)
| {
| (void) strchr;
|   ;
|   return 0;
| }
configure:13655: gcc -c -g -O2   conftest.c >&5
configure:13655: $? = 0
configure:13672: result: none needed
configure:13686: checking whether munmap is declared
configure:13686: gcc -c -g -O2   conftest.c >&5
configure:13686: $? = 0
configure:13686: result: yes
configure:13704: checking for munmap's first parameter type
configure:13718: gcc -c -g -O2  conftest.c >&5
configure:13718: $? = 0
configure:13720: result: void *
configure:13742: checking for memcpy
configure:13742: gcc -o conftest -g -O2   conftest.c  >&5
conftest.c:44:6: warning: incompatible redeclaration of library function 'memcpy' [-Wincompatible-library-redeclaration]
char memcpy ();
     ^
conftest.c:44:6: note: 'memcpy' is a builtin with type 'void *(void *, const void *, unsigned long)'
1 warning generated.
configure:13742: $? = 0
configure:13742: result: yes
configure:13748: checking for memmove
configure:13748: gcc -o conftest -g -O2   conftest.c  >&5
conftest.c:45:6: warning: incompatible redeclaration of library function 'memmove' [-Wincompatible-library-redeclaration]
char memmove ();
     ^
conftest.c:45:6: note: 'memmove' is a builtin with type 'void *(void *, const void *, unsigned long)'
1 warning generated.
configure:13748: $? = 0
configure:13748: result: yes
configure:13778: checking gcc compiler flag -pedantic to assure ANSI C99 works correctly
configure:13805: gcc -c -g -O2  -pedantic  conftest.c >&5
configure:13805: $? = 0
configure:13807: result: ok, adding to XX_ANSIFLAGS
configure:13778: checking gcc compiler flag -std=c99 to assure ANSI C99 works correctly
configure:13805: gcc -c -g -O2  -pedantic -std=c99  conftest.c >&5
configure:13805: $? = 0
configure:13807: result: ok, adding to XX_ANSIFLAGS
configure:13841: checking for -fvisibility=hidden compiler flag
configure:13856: gcc -o conftest -g -O2 -fvisibility=hidden   conftest.c  >&5
configure:13856: $? = 0
configure:13859: result: yes
configure:14111: $PKG_CONFIG --exists --print-errors "$bzip2_pkg"
Package bzip2 was not found in the pkg-config search path.
Perhaps you should add the directory containing `bzip2.pc'
to the PKG_CONFIG_PATH environment variable
No package 'bzip2' found
configure:14114: $? = 1
configure:14121: checking for BZIP2
configure:14128: $PKG_CONFIG --exists --print-errors "$bzip2_pkg"
Package bzip2 was not found in the pkg-config search path.
Perhaps you should add the directory containing `bzip2.pc'
to the PKG_CONFIG_PATH environment variable
No package 'bzip2' found
configure:14131: $? = 1
configure:14145: $PKG_CONFIG --exists --print-errors "$bzip2_pkg"
Package bzip2 was not found in the pkg-config search path.
Perhaps you should add the directory containing `bzip2.pc'
to the PKG_CONFIG_PATH environment variable
No package 'bzip2' found
configure:14148: $? = 1
configure:14162: result: no
No package 'bzip2' found
configure:14206: checking for BZ2_bzDecompress in -lbz2
configure:14229: gcc -o conftest -g -O2 -fvisibility=hidden   conftest.c -lbz2   >&5
configure:14229: $? = 0
configure:14239: result: yes
configure:14243: checking for bzlib.h
configure:14243: gcc -c -g -O2 -fvisibility=hidden  conftest.c >&5
configure:14243: $? = 0
configure:14243: result: yes
configure:14282: $PKG_CONFIG --exists --print-errors "$libpng_pkg"
configure:14285: $? = 0
configure:14292: checking for LIBPNG
configure:14299: $PKG_CONFIG --exists --print-errors "$libpng_pkg"
configure:14302: $? = 0
configure:14316: $PKG_CONFIG --exists --print-errors "$libpng_pkg"
configure:14319: $? = 0
configure:14357: result: yes
configure:14419: $PKG_CONFIG --exists --print-errors "$harfbuzz_pkg"
Package harfbuzz was not found in the pkg-config search path.
Perhaps you should add the directory containing `harfbuzz.pc'
to the PKG_CONFIG_PATH environment variable
No package 'harfbuzz' found
configure:14422: $? = 1
configure:14429: checking for HARFBUZZ
configure:14436: $PKG_CONFIG --exists --print-errors "$harfbuzz_pkg"
Package harfbuzz was not found in the pkg-config search path.
Perhaps you should add the directory containing `harfbuzz.pc'
to the PKG_CONFIG_PATH environment variable
No package 'harfbuzz' found
configure:14439: $? = 1
configure:14453: $PKG_CONFIG --exists --print-errors "$harfbuzz_pkg"
Package harfbuzz was not found in the pkg-config search path.
Perhaps you should add the directory containing `harfbuzz.pc'
to the PKG_CONFIG_PATH environment variable
No package 'harfbuzz' found
configure:14456: $? = 1
configure:14470: result: no
No package 'harfbuzz' found
configure:14544: $PKG_CONFIG --exists --print-errors "$brotli_pkg"
Package libbrotlidec was not found in the pkg-config search path.
Perhaps you should add the directory containing `libbrotlidec.pc'
to the PKG_CONFIG_PATH environment variable
No package 'libbrotlidec' found
configure:14547: $? = 1
configure:14554: checking for BROTLI
configure:14561: $PKG_CONFIG --exists --print-errors "$brotli_pkg"
Package libbrotlidec was not found in the pkg-config search path.
Perhaps you should add the directory containing `libbrotlidec.pc'
to the PKG_CONFIG_PATH environment variable
No package 'libbrotlidec' found
configure:14564: $? = 1
configure:14578: $PKG_CONFIG --exists --print-errors "$brotli_pkg"
Package libbrotlidec was not found in the pkg-config search path.
Perhaps you should add the directory containing `libbrotlidec.pc'
to the PKG_CONFIG_PATH environment variable
No package 'libbrotlidec' found
configure:14581: $? = 1
configure:14595: result: no
No package 'libbrotlidec' found
configure:14661: checking for library containing clock_gettime
configure:14691: gcc -o conftest -g -O2 -fvisibility=hidden   conftest.c  >&5
configure:14691: $? = 0
configure:14711: result: none required
configure:14725: checking for LIBRSVG
configure:14732: $PKG_CONFIG --exists --print-errors "librsvg-2.0 >= 2.46.0"
Package librsvg-2.0 was not found in the pkg-config search path.
Perhaps you should add the directory containing `librsvg-2.0.pc'
to the PKG_CONFIG_PATH environment variable
No package 'librsvg-2.0' found
configure:14735: $? = 1
configure:14749: $PKG_CONFIG --exists --print-errors "librsvg-2.0 >= 2.46.0"
Package librsvg-2.0 was not found in the pkg-config search path.
Perhaps you should add the directory containing `librsvg-2.0.pc'
to the PKG_CONFIG_PATH environment variable
No package 'librsvg-2.0' found
configure:14752: $? = 1
configure:14766: result: no
No package 'librsvg-2.0' found
configure:15400: checking target system type
configure:15414: result: x86_64-apple-darwin21.6.0
configure:15601: checking whether gcc is Clang
configure:15628: result: yes
configure:15693: checking whether pthreads work with "-pthread" and "-lpthread"
configure:15804: gcc -o conftest -g -O2 -fvisibility=hidden -DDARWIN_NO_CARBON -pthread   conftest.c -lpthread  >&5
configure:15804: $? = 0
configure:15814: result: yes
configure:15863: checking whether Clang needs flag to prevent "argument unused" warning when linking with -pthread
configure:15890: gcc -o conftest -Werror -Wunknown-warning-option  -pthread -g -O2 -fvisibility=hidden -DDARWIN_NO_CARBON   conftest.c  >&5
configure:15890: $? = 0
configure:15897: (gcc -c -Werror -Wunknown-warning-option  -pthread -g -O2 -fvisibility=hidden -DDARWIN_NO_CARBON  conftest.c >&5) && (echo ==== >&5) && (gcc -o conftest -Werror -Wunknown-warning-option  -pthread -g -O2 -fvisibility=hidden -DDARWIN_NO_CARBON   conftest.o  >&5)
====
configure:15897: $? = 0
configure:15917: result: no
configure:15937: checking for joinable pthread attribute
configure:15956: gcc -o conftest -g -O2 -fvisibility=hidden -DDARWIN_NO_CARBON -pthread   conftest.c -lpthread  >&5
configure:15956: $? = 0
configure:15965: result: PTHREAD_CREATE_JOINABLE
configure:15978: checking whether more special flags are required for pthreads
configure:15992: result: no
configure:16001: checking for PTHREAD_PRIO_INHERIT
configure:16019: gcc -o conftest -g -O2 -fvisibility=hidden -DDARWIN_NO_CARBON -pthread   conftest.c -lpthread  >&5
configure:16019: $? = 0
configure:16029: result: yes
configure:16213: checking for python3
configure:16234: found /usr/local/bin/python3
configure:16245: result: python3
configure:16267: checking for python version
configure:16272: result: 3.11.2
configure:16332: checking for `docwriter' Python module
configure:16340: result: no
configure:16612: creating ./config.status

## ---------------------- ##
## Running config.status. ##
## ---------------------- ##

This file was extended by FreeType config.status 2.12, which was
generated by GNU Autoconf 2.71.  Invocation command line was

  CONFIG_FILES    = 
  CONFIG_HEADERS  = 
  CONFIG_LINKS    = 
  CONFIG_COMMANDS = 
  $ ./config.status 

on Mac-mini-de-Mac

config.status:1146: creating ftoption.h
config.status:1146: creating unix-cc.mk
config.status:1146: creating unix-def.mk
config.status:1146: creating ftconfig.h
config.status:1327: ftconfig.h is unchanged
config.status:1341: executing libtool commands
configure:18855:

Library configuration:
  external zlib: no
  bzip2:         yes (autoconf test)
  libpng:        yes (pkg-config)
  harfbuzz:      no
  brotli:        no
  pthread:       yes

configure:18879: WARNING:
  `make refdoc' will fail since pip package `docwriter' is not installed.
  To install, run `python3 -m pip install docwriter', or to use a Python
  virtual environment, run `make refdoc-venv' (requires pip package
  `virtualenv').  These operations require Python >= 3.5.
  

## ---------------- ##
## Cache variables. ##
## ---------------- ##

ac_cv_build=x86_64-apple-darwin21.6.0
ac_cv_c_compiler_gnu=yes
ac_cv_c_const=yes
ac_cv_c_undeclared_builtin_options='none needed'
ac_cv_env_BROTLI_CFLAGS_set=
ac_cv_env_BROTLI_CFLAGS_value=
ac_cv_env_BROTLI_LIBS_set=
ac_cv_env_BROTLI_LIBS_value=
ac_cv_env_BZIP2_CFLAGS_set=
ac_cv_env_BZIP2_CFLAGS_value=
ac_cv_env_BZIP2_LIBS_set=
ac_cv_env_BZIP2_LIBS_value=
ac_cv_env_CC_set=
ac_cv_env_CC_value=
ac_cv_env_CFLAGS_set=
ac_cv_env_CFLAGS_value=
ac_cv_env_CPPFLAGS_set=
ac_cv_env_CPPFLAGS_value=
ac_cv_env_CPP_set=
ac_cv_env_CPP_value=
ac_cv_env_HARFBUZZ_CFLAGS_set=
ac_cv_env_HARFBUZZ_CFLAGS_value=
ac_cv_env_HARFBUZZ_LIBS_set=
ac_cv_env_HARFBUZZ_LIBS_value=
ac_cv_env_LDFLAGS_set=
ac_cv_env_LDFLAGS_value=
ac_cv_env_LIBPNG_CFLAGS_set=
ac_cv_env_LIBPNG_CFLAGS_value=
ac_cv_env_LIBPNG_LIBS_set=
ac_cv_env_LIBPNG_LIBS_value=
ac_cv_env_LIBRSVG_CFLAGS_set=
ac_cv_env_LIBRSVG_CFLAGS_value=
ac_cv_env_LIBRSVG_LIBS_set=
ac_cv_env_LIBRSVG_LIBS_value=
ac_cv_env_LIBS_set=
ac_cv_env_LIBS_value=
ac_cv_env_LT_SYS_LIBRARY_PATH_set=
ac_cv_env_LT_SYS_LIBRARY_PATH_value=
ac_cv_env_PKG_CONFIG_LIBDIR_set=
ac_cv_env_PKG_CONFIG_LIBDIR_value=
ac_cv_env_PKG_CONFIG_PATH_set=
ac_cv_env_PKG_CONFIG_PATH_value=
ac_cv_env_PKG_CONFIG_set=
ac_cv_env_PKG_CONFIG_value=
ac_cv_env_ZLIB_CFLAGS_set=
ac_cv_env_ZLIB_CFLAGS_value=
ac_cv_env_ZLIB_LIBS_set=
ac_cv_env_ZLIB_LIBS_value=
ac_cv_env_build_alias_set=
ac_cv_env_build_alias_value=
ac_cv_env_host_alias_set=
ac_cv_env_host_alias_value=
ac_cv_env_target_alias_set=
ac_cv_env_target_alias_value=
ac_cv_func_getpagesize=yes
ac_cv_func_memcpy=yes
ac_cv_func_memmove=yes
ac_cv_func_mmap_fixed_mapped=yes
ac_cv_have_decl_munmap=yes
ac_cv_header_bzlib_h=yes
ac_cv_header_dlfcn_h=yes
ac_cv_header_fcntl_h=yes
ac_cv_header_inttypes_h=yes
ac_cv_header_stdint_h=yes
ac_cv_header_stdio_h=yes
ac_cv_header_stdlib_h=yes
ac_cv_header_string_h=yes
ac_cv_header_strings_h=yes
ac_cv_header_sys_param_h=yes
ac_cv_header_sys_stat_h=yes
ac_cv_header_sys_types_h=yes
ac_cv_header_unistd_h=yes
ac_cv_header_windows_h=no
ac_cv_host=x86_64-apple-darwin21.6.0
ac_cv_lib_bz2_BZ2_bzDecompress=yes
ac_cv_objext=o
ac_cv_path_EGREP='/usr/bin/grep -E'
ac_cv_path_FGREP='/usr/bin/grep -F'
ac_cv_path_GREP=/usr/bin/grep
ac_cv_path_SED=/usr/bin/sed
ac_cv_path_ac_pt_PKG_CONFIG=/usr/local/bin/pkg-config
ac_cv_path_install='/usr/bin/install -c'
ac_cv_path_lt_DD=/bin/dd
ac_cv_prog_AWK=awk
ac_cv_prog_CPP='gcc -E'
ac_cv_prog_PYTHON=python3
ac_cv_prog_ac_ct_AR=ar
ac_cv_prog_ac_ct_CC=gcc
ac_cv_prog_ac_ct_DSYMUTIL=dsymutil
ac_cv_prog_ac_ct_FILECMD=file
ac_cv_prog_ac_ct_LIPO=lipo
ac_cv_prog_ac_ct_NMEDIT=nmedit
ac_cv_prog_ac_ct_OBJDUMP=objdump
ac_cv_prog_ac_ct_OTOOL=otool
ac_cv_prog_ac_ct_RANLIB=ranlib
ac_cv_prog_ac_ct_STRIP=strip
ac_cv_prog_cc_c11=
ac_cv_prog_cc_g=yes
ac_cv_prog_cc_stdc=
ac_cv_search_clock_gettime='none required'
ac_cv_sys_file_offset_bits=no
ac_cv_sys_largefile_CC=no
ac_cv_target=x86_64-apple-darwin21.6.0
ax_cv_PTHREAD_CLANG=yes
ax_cv_PTHREAD_CLANG_NO_WARN_FLAG=no
ax_cv_PTHREAD_JOINABLE_ATTR=PTHREAD_CREATE_JOINABLE
ax_cv_PTHREAD_PRIO_INHERIT=yes
ax_cv_PTHREAD_SPECIAL_FLAGS=no
lt_cv_apple_cc_single_mod=yes
lt_cv_ar_at_file=no
lt_cv_deplibs_check_method=pass_all
lt_cv_file_magic_cmd='$MAGIC_CMD'
lt_cv_file_magic_test_file=
lt_cv_ld_exported_symbols_list=yes
lt_cv_ld_force_load=yes
lt_cv_ld_reload_flag=-r
lt_cv_nm_interface='BSD nm'
lt_cv_objdir=.libs
lt_cv_path_LD=/Applications/Xcode.app/Contents/Developer/Toolchains/XcodeDefault.xctoolchain/usr/bin/ld
lt_cv_path_NM='/usr/bin/nm -B'
lt_cv_path_mainfest_tool=no
lt_cv_prog_compiler_c_o=yes
lt_cv_prog_compiler_pic='-fno-common -DPIC'
lt_cv_prog_compiler_pic_works=yes
lt_cv_prog_compiler_rtti_exceptions=yes
lt_cv_prog_compiler_static_works=no
lt_cv_prog_gnu_ld=no
lt_cv_sharedlib_from_linklib_cmd='printf %s\n'
lt_cv_sys_global_symbol_pipe='/usr/bin/sed -n -e '\''s/^.*[	 ]\([ABCDGIRSTW][ABCDGIRSTW]*\)[	 ][	 ]*_\([_A-Za-z][_A-Za-z0-9]*\)$/\1 _\2 \2/p'\'' | /usr/bin/sed '\''/ __gnu_lto/d'\'''
lt_cv_sys_global_symbol_to_c_name_address='/usr/bin/sed -n -e '\''s/^: \(.*\) .*$/  {"\1", (void *) 0},/p'\'' -e '\''s/^[ABCDGIRSTW][ABCDGIRSTW]* .* \(.*\)$/  {"\1", (void *) \&\1},/p'\'''
lt_cv_sys_global_symbol_to_c_name_address_lib_prefix='/usr/bin/sed -n -e '\''s/^: \(.*\) .*$/  {"\1", (void *) 0},/p'\'' -e '\''s/^[ABCDGIRSTW][ABCDGIRSTW]* .* \(lib.*\)$/  {"\1", (void *) \&\1},/p'\'' -e '\''s/^[ABCDGIRSTW][ABCDGIRSTW]* .* \(.*\)$/  {"lib\1", (void *) \&\1},/p'\'''
lt_cv_sys_global_symbol_to_cdecl='/usr/bin/sed -n -e '\''s/^T .* \(.*\)$/extern int \1();/p'\'' -e '\''s/^[ABCDGIRSTW][ABCDGIRSTW]* .* \(.*\)$/extern char \1;/p'\'''
lt_cv_sys_global_symbol_to_import=
lt_cv_sys_max_cmd_len=786432
lt_cv_to_host_file_cmd=func_convert_file_noop
lt_cv_to_tool_file_cmd=func_convert_file_noop
lt_cv_truncate_bin='/bin/dd bs=4096 count=1'
pkg_cv_LIBPNG_CFLAGS=-I/usr/local/Cellar/libpng/1.6.39/include/libpng16
pkg_cv_LIBPNG_LIBS='-L/usr/local/Cellar/libpng/1.6.39/lib -lpng16'

## ----------------- ##
## Output variables. ##
## ----------------- ##

AR='ar'
AS='as'
AWK='awk'
BROTLI_CFLAGS=''
BROTLI_LIBS=''
BZIP2_CFLAGS=''
BZIP2_LIBS='-lbz2'
CC='gcc'
CC_BUILD='gcc'
CFLAGS='-g -O2 -fvisibility=hidden -DDARWIN_NO_CARBON  -I/usr/local/Cellar/libpng/1.6.39/include/libpng16 -pthread'
CPP='gcc -E'
CPPFLAGS=''
DEFS='-DHAVE_CONFIG_H'
DLLTOOL='false'
DSYMUTIL='dsymutil'
DUMPBIN=''
ECHO_C='\c'
ECHO_N=''
ECHO_T=''
EGREP='/usr/bin/grep -E'
EXEEXT=''
EXEEXT_BUILD=''
FGREP='/usr/bin/grep -F'
FILECMD='file'
FTSYS_SRC='$(PLATFORM_DIR)/ftsystem.c'
FT_DEMO_CFLAGS=''
FT_DEMO_LDFLAGS=''
GREP='/usr/bin/grep'
HARFBUZZ_CFLAGS=''
HARFBUZZ_LIBS=''
INSTALL_DATA='${INSTALL} -m 644'
INSTALL_FT2_CONFIG='FALSE'
INSTALL_PROGRAM='${INSTALL}'
INSTALL_SCRIPT='${INSTALL}'
LD='/Applications/Xcode.app/Contents/Developer/Toolchains/XcodeDefault.xctoolchain/usr/bin/ld'
LDFLAGS=' -lbz2 -L/usr/local/Cellar/libpng/1.6.39/lib -lpng16 -pthread -lpthread'
LIBOBJS=''
LIBPNG_CFLAGS='-I/usr/local/Cellar/libpng/1.6.39/include/libpng16'
LIBPNG_LIBS='-L/usr/local/Cellar/libpng/1.6.39/lib -lpng16'
LIBRSVG_CFLAGS=''
LIBRSVG_LIBS=''
LIBS=''
LIBSSTATIC_CONFIG='-lfreetype -lbz2 -L/usr/local/Cellar/libpng/1.6.39/lib -lpng16 -lz'
LIBTOOL='$(SHELL) $(top_builddir)/libtool'
LIPO='lipo'
LN_S='ln -s'
LTLIBOBJS=''
LT_SYS_LIBRARY_PATH=''
MANIFEST_TOOL=':'
MKDIR_P='/Users/macmini/Documents/RDEWASM/modules/freetype/builds/unix/./install-sh -c -d'
NM='/usr/bin/nm -B'
NMEDIT='nmedit'
OBJDUMP='objdump'
OBJEXT='o'
OTOOL64=':'
OTOOL='otool'
PACKAGE_BUGREPORT='freetype@nongnu.org'
PACKAGE_NAME='FreeType'
PACKAGE_STRING='FreeType 2.12'
PACKAGE_TARNAME='freetype'
PACKAGE_URL=''
PACKAGE_VERSION='2.12'
PATH_SEPARATOR=':'
PKGCONFIG_LIBS='-L${libdir} -lfreetype'
PKGCONFIG_LIBS_PRIVATE='-lbz2'
PKGCONFIG_REQUIRES=''
PKGCONFIG_REQUIRES_PRIVATE='libpng'
PKG_CONFIG='/usr/local/bin/pkg-config'
PKG_CONFIG_LIBDIR=''
PKG_CONFIG_PATH=''
PTHREAD_CC='gcc'
PTHREAD_CFLAGS='-pthread'
PTHREAD_CXX=''
PTHREAD_LIBS='-lpthread'
PYTHON='python3'
PYTHON_VERSION='3.11.2'
RANLIB='ranlib'
RC=''
SED='/usr/bin/sed'
SHELL='/bin/sh'
STRIP='strip'
SYSTEM_ZLIB=''
XX_ANSIFLAGS=' -pedantic -std=c99'
XX_CFLAGS='-Wall'
ZLIB_CFLAGS=''
ZLIB_LIBS=''
ac_ct_AR='ar'
ac_ct_CC='gcc'
ac_ct_DUMPBIN=''
ax_pthread_config=''
bindir='${exec_prefix}/bin'
build='x86_64-apple-darwin21.6.0'
build_alias=''
build_cpu='x86_64'
build_libtool_libs=''
build_os='darwin21.6.0'
build_vendor='apple'
datadir='${datarootdir}'
datarootdir='${prefix}/share'
docdir='${datarootdir}/doc/${PACKAGE_TARNAME}'
dvidir='${docdir}'
exec_prefix='${prefix}'
ft_version='24.2.18'
ftmac_c=''
hardcode_libdir_flag_spec=''
host='x86_64-apple-darwin21.6.0'
host_alias=''
host_cpu='x86_64'
host_os='darwin21.6.0'
host_vendor='apple'
htmldir='${docdir}'
includedir='${prefix}/include'
infodir='${datarootdir}/info'
libdir='${exec_prefix}/lib'
libexecdir='${exec_prefix}/libexec'
localedir='${datarootdir}/locale'
localstatedir='${prefix}/var'
mandir='${datarootdir}/man'
oldincludedir='/usr/include'
pdfdir='${docdir}'
prefix='/usr/local'
program_transform_name='s,x,x,'
psdir='${docdir}'
runstatedir='${localstatedir}/run'
sbindir='${exec_prefix}/sbin'
sharedstatedir='${prefix}/com'
sysconfdir='${prefix}/etc'
target='x86_64-apple-darwin21.6.0'
target_alias=''
target_cpu='x86_64'
target_os='darwin21.6.0'
target_vendor='apple'
version_info='24:2:18'
wl='-Wl,'

## ----------- ##
## confdefs.h. ##
## ----------- ##

/* confdefs.h */
#define PACKAGE_NAME "FreeType"
#define PACKAGE_TARNAME "freetype"
#define PACKAGE_VERSION "2.12"
#define PACKAGE_STRING "FreeType 2.12"
#define PACKAGE_BUGREPORT "freetype@nongnu.org"
#define PACKAGE_URL ""
#define HAVE_STDIO_H 1
#define HAVE_STDLIB_H 1
#define HAVE_STRING_H 1
#define HAVE_INTTYPES_H 1
#define HAVE_STDINT_H 1
#define HAVE_STRINGS_H 1
#define HAVE_SYS_STAT_H 1
#define HAVE_SYS_TYPES_H 1
#define HAVE_UNISTD_H 1
#define HAVE_SYS_PARAM_H 1
#define STDC_HEADERS 1
#define HAVE_DLFCN_H 1
#define LT_OBJDIR ".libs/"
#define HAVE_FCNTL_H 1
#define HAVE_UNISTD_H 1
#define HAVE_GETPAGESIZE 1
#define HAVE_MMAP 1
#define HAVE_DECL_MUNMAP 1
#define MUNMAP_USES_VOIDP /**/
#define HAVE_MEMCPY 1
#define HAVE_MEMMOVE 1
#define HAVE_PTHREAD_PRIO_INHERIT 1

configure: exit 0
